<?xml version="1.0" encoding="UTF-8"?>
<testng-results skipped="0" failed="0" total="1" passed="1">
  <reporter-output>
  </reporter-output>
  <suite name="Suite" duration-ms="31" started-at="2018-06-03T03:10:01Z" finished-at="2018-06-03T03:10:01Z">
    <groups>
    </groups>
    <test name="Test" duration-ms="31" started-at="2018-06-03T03:10:01Z" finished-at="2018-06-03T03:10:01Z">
      <class name="com.zoey.LessionFive.mvnTestNg">
        <test-method status="PASS" signature="testHelloworld()[pri:0, instance:com.zoey.LessionFive.mvnTestNg@4883b407]" name="testHelloworld" duration-ms="0" started-at="2018-06-03T11:10:01Z" finished-at="2018-06-03T11:10:01Z">
          <reporter-output>
          </reporter-output>
        </test-method> <!-- testHelloworld -->
      </class> <!-- com.zoey.LessionFive.mvnTestNg -->
    </test> <!-- Test -->
  </suite> <!-- Suite -->
</testng-results>
